2023-01-29 12:37:57.664  INFO 22332 --- [restartedMain] com.ldf.exam.ExamApplication             : Starting ExamApplication using Java 1.8.0_332 on LAPTOP-99ECVK8O with PID 22332 (C:\Users\ldiez\OneDrive\Documentos\NetBeansProjects\exam_app_backend\Exam\ExamProject\target\classes started by ldiez in C:\Users\ldiez\OneDrive\Documentos\NetBeansProjects\exam_app_backend\Exam\ExamProject)
2023-01-29 12:37:57.665 DEBUG 22332 --- [restartedMain] com.ldf.exam.ExamApplication             : Running with Spring Boot v2.7.1, Spring v5.3.21
2023-01-29 12:37:57.666  INFO 22332 --- [restartedMain] com.ldf.exam.ExamApplication             : No active profile set, falling back to 1 default profile: "default"
2023-01-29 12:37:57.724  INFO 22332 --- [restartedMain] .e.DevToolsPropertyDefaultsPostProcessor : Devtools property defaults active! Set 'spring.devtools.add-properties' to 'false' to disable
2023-01-29 12:37:57.725  INFO 22332 --- [restartedMain] .e.DevToolsPropertyDefaultsPostProcessor : For additional web related logging consider setting the 'logging.level.web' property to 'DEBUG'
2023-01-29 12:37:58.753  INFO 22332 --- [restartedMain] .s.d.r.c.RepositoryConfigurationDelegate : Bootstrapping Spring Data JPA repositories in DEFAULT mode.
2023-01-29 12:37:58.913  INFO 22332 --- [restartedMain] .s.d.r.c.RepositoryConfigurationDelegate : Finished Spring Data repository scanning in 148 ms. Found 13 JPA repository interfaces.
2023-01-29 12:38:00.238  INFO 22332 --- [restartedMain] o.s.b.w.embedded.tomcat.TomcatWebServer  : Tomcat initialized with port(s): 8080 (http)
2023-01-29 12:38:00.252  INFO 22332 --- [restartedMain] o.apache.catalina.core.StandardService   : Starting service [Tomcat]
2023-01-29 12:38:00.252  INFO 22332 --- [restartedMain] org.apache.catalina.core.StandardEngine  : Starting Servlet engine: [Apache Tomcat/9.0.64]
2023-01-29 12:38:00.341  INFO 22332 --- [restartedMain] o.a.c.c.C.[Tomcat].[localhost].[/]       : Initializing Spring embedded WebApplicationContext
2023-01-29 12:38:00.341  INFO 22332 --- [restartedMain] w.s.c.ServletWebServerApplicationContext : Root WebApplicationContext: initialization completed in 2615 ms
2023-01-29 12:38:00.550  INFO 22332 --- [restartedMain] o.hibernate.jpa.internal.util.LogHelper  : HHH000204: Processing PersistenceUnitInfo [name: default]
2023-01-29 12:38:00.592  INFO 22332 --- [restartedMain] org.hibernate.Version                    : HHH000412: Hibernate ORM core version 5.6.9.Final
2023-01-29 12:38:00.745  INFO 22332 --- [restartedMain] o.hibernate.annotations.common.Version   : HCANN000001: Hibernate Commons Annotations {5.1.2.Final}
2023-01-29 12:38:00.924  INFO 22332 --- [restartedMain] com.zaxxer.hikari.HikariDataSource       : HikariPool-1 - Starting...
2023-01-29 12:38:01.097  INFO 22332 --- [restartedMain] com.zaxxer.hikari.HikariDataSource       : HikariPool-1 - Start completed.
2023-01-29 12:38:01.117  INFO 22332 --- [restartedMain] org.hibernate.dialect.Dialect            : HHH000400: Using dialect: org.hibernate.dialect.PostgreSQL10Dialect
2023-01-29 12:38:02.575  INFO 22332 --- [restartedMain] o.h.e.t.j.p.i.JtaPlatformInitiator       : HHH000490: Using JtaPlatform implementation: [org.hibernate.engine.transaction.jta.platform.internal.NoJtaPlatform]
2023-01-29 12:38:02.778  INFO 22332 --- [restartedMain] j.LocalContainerEntityManagerFactoryBean : Initialized JPA EntityManagerFactory for persistence unit 'default'
2023-01-29 12:38:03.191 DEBUG 22332 --- [restartedMain] com.ldf.exam.security.JWTFilter          : Filter 'JWTFilter' configured for use
2023-01-29 12:38:03.706  INFO 22332 --- [restartedMain] o.s.s.web.DefaultSecurityFilterChain     : Will secure any request with [org.springframework.security.web.session.DisableEncodeUrlFilter@11d2f2c7, org.springframework.security.web.context.request.async.WebAsyncManagerIntegrationFilter@566ef51d, org.springframework.security.web.context.SecurityContextPersistenceFilter@10612209, org.springframework.security.web.header.HeaderWriterFilter@4938b6d9, org.springframework.web.filter.CorsFilter@4e3366f3, org.springframework.security.web.authentication.logout.LogoutFilter@564d0c7c, com.ldf.exam.security.JWTFilter@5587986d, org.springframework.security.web.savedrequest.RequestCacheAwareFilter@4499959e, org.springframework.security.web.servletapi.SecurityContextHolderAwareRequestFilter@4e96710d, org.springframework.security.web.authentication.AnonymousAuthenticationFilter@219dda1d, org.springframework.security.web.session.SessionManagementFilter@2e862cb, org.springframework.security.web.access.ExceptionTranslationFilter@46beffa4, org.springframework.security.web.access.intercept.AuthorizationFilter@54ecc676]
2023-01-29 12:38:03.762  WARN 22332 --- [restartedMain] JpaBaseConfiguration$JpaWebConfiguration : spring.jpa.open-in-view is enabled by default. Therefore, database queries may be performed during view rendering. Explicitly configure spring.jpa.open-in-view to disable this warning
2023-01-29 12:38:04.490  INFO 22332 --- [restartedMain] o.s.b.d.a.OptionalLiveReloadServer       : LiveReload server is running on port 35729
2023-01-29 12:38:04.535  INFO 22332 --- [restartedMain] o.s.b.w.embedded.tomcat.TomcatWebServer  : Tomcat started on port(s): 8080 (http) with context path ''
2023-01-29 12:38:04.547  INFO 22332 --- [restartedMain] com.ldf.exam.ExamApplication             : Started ExamApplication in 7.369 seconds (JVM running for 7.947)
2023-01-29 12:39:22.386  INFO 22332 --- [http-nio-8080-exec-1] o.a.c.c.C.[Tomcat].[localhost].[/]       : Initializing Spring DispatcherServlet 'dispatcherServlet'
2023-01-29 12:39:22.387  INFO 22332 --- [http-nio-8080-exec-1] o.s.web.servlet.DispatcherServlet        : Initializing Servlet 'dispatcherServlet'
2023-01-29 12:39:22.389  INFO 22332 --- [http-nio-8080-exec-1] o.s.web.servlet.DispatcherServlet        : Completed initialization in 2 ms
2023-01-29 12:39:22.549  INFO 22332 --- [http-nio-8080-exec-3] com.ldf.exam.controller.AuthController   : Authenticating user AliciaVerdu
2023-01-29 12:45:57.559  INFO 23756 --- [main] com.ldf.exam.DegreeControllerUnitTest    : Starting DegreeControllerUnitTest using Java 1.8.0_332 on LAPTOP-99ECVK8O with PID 23756 (started by ldiez in C:\Users\ldiez\OneDrive\Documentos\NetBeansProjects\exam_app_backend\Exam\ExamProject)
2023-01-29 12:45:57.560 DEBUG 23756 --- [main] com.ldf.exam.DegreeControllerUnitTest    : Running with Spring Boot v2.7.1, Spring v5.3.21
2023-01-29 12:45:57.561  INFO 23756 --- [main] com.ldf.exam.DegreeControllerUnitTest    : No active profile set, falling back to 1 default profile: "default"
2023-01-29 12:45:58.870  INFO 23756 --- [main] .s.d.r.c.RepositoryConfigurationDelegate : Bootstrapping Spring Data JPA repositories in DEFAULT mode.
2023-01-29 12:45:59.065  INFO 23756 --- [main] .s.d.r.c.RepositoryConfigurationDelegate : Finished Spring Data repository scanning in 180 ms. Found 13 JPA repository interfaces.
2023-01-29 12:46:00.826  INFO 23756 --- [main] o.hibernate.jpa.internal.util.LogHelper  : HHH000204: Processing PersistenceUnitInfo [name: default]
2023-01-29 12:46:00.978  INFO 23756 --- [main] org.hibernate.Version                    : HHH000412: Hibernate ORM core version 5.6.9.Final
2023-01-29 12:46:01.064  INFO 23756 --- [main] o.hibernate.annotations.common.Version   : HCANN000001: Hibernate Commons Annotations {5.1.2.Final}
2023-01-29 12:46:01.547  INFO 23756 --- [main] com.zaxxer.hikari.HikariDataSource       : HikariPool-1 - Starting...
2023-01-29 12:46:01.849  INFO 23756 --- [main] com.zaxxer.hikari.HikariDataSource       : HikariPool-1 - Start completed.
2023-01-29 12:46:01.919  INFO 23756 --- [main] org.hibernate.dialect.Dialect            : HHH000400: Using dialect: org.hibernate.dialect.PostgreSQL10Dialect
2023-01-29 12:46:03.895  INFO 23756 --- [main] o.h.e.t.j.p.i.JtaPlatformInitiator       : HHH000490: Using JtaPlatform implementation: [org.hibernate.engine.transaction.jta.platform.internal.NoJtaPlatform]
2023-01-29 12:46:04.022  INFO 23756 --- [main] j.LocalContainerEntityManagerFactoryBean : Initialized JPA EntityManagerFactory for persistence unit 'default'
2023-01-29 12:46:05.908  INFO 23756 --- [main] o.s.s.web.DefaultSecurityFilterChain     : Will secure any request with [org.springframework.security.web.session.DisableEncodeUrlFilter@4cb82b09, org.springframework.security.web.context.request.async.WebAsyncManagerIntegrationFilter@49665f92, org.springframework.security.web.context.SecurityContextPersistenceFilter@4d8522ff, org.springframework.security.web.header.HeaderWriterFilter@67c2b55d, org.springframework.web.filter.CorsFilter@b68932b, org.springframework.security.web.authentication.logout.LogoutFilter@7305cfb1, com.ldf.exam.security.JWTFilter@53e82089, org.springframework.security.web.savedrequest.RequestCacheAwareFilter@3883031d, org.springframework.security.web.servletapi.SecurityContextHolderAwareRequestFilter@391b01c5, org.springframework.security.web.authentication.AnonymousAuthenticationFilter@77b27b57, org.springframework.security.web.session.SessionManagementFilter@405223e4, org.springframework.security.web.access.ExceptionTranslationFilter@21bf308, org.springframework.security.web.access.intercept.AuthorizationFilter@6104691c]
2023-01-29 12:46:06.369  WARN 23756 --- [main] JpaBaseConfiguration$JpaWebConfiguration : spring.jpa.open-in-view is enabled by default. Therefore, database queries may be performed during view rendering. Explicitly configure spring.jpa.open-in-view to disable this warning
2023-01-29 12:46:07.988  INFO 23756 --- [main] com.ldf.exam.DegreeControllerUnitTest    : Started DegreeControllerUnitTest in 11.076 seconds (JVM running for 12.631)
2023-01-29 12:46:08.115  INFO 23756 --- [main] .b.t.c.SpringBootTestContextBootstrapper : Neither @ContextConfiguration nor @ContextHierarchy found for test class [com.ldf.exam.ExamApplicationTests], using SpringBootContextLoader
2023-01-29 12:46:08.116  INFO 23756 --- [main] o.s.t.c.support.AbstractContextLoader    : Could not detect default resource locations for test class [com.ldf.exam.ExamApplicationTests]: no resource found for suffixes {-context.xml, Context.groovy}.
2023-01-29 12:46:08.117  INFO 23756 --- [main] t.c.s.AnnotationConfigContextLoaderUtils : Could not detect default configuration classes for test class [com.ldf.exam.ExamApplicationTests]: ExamApplicationTests does not declare any static, non-private, non-final, nested classes annotated with @Configuration.
2023-01-29 12:46:08.121  INFO 23756 --- [main] .b.t.c.SpringBootTestContextBootstrapper : Found @SpringBootConfiguration com.ldf.exam.ExamApplication for test class com.ldf.exam.ExamApplicationTests
2023-01-29 12:46:08.125  INFO 23756 --- [main] .b.t.c.SpringBootTestContextBootstrapper : Loaded default TestExecutionListener class names from location [META-INF/spring.factories]: [org.springframework.security.test.context.support.WithSecurityContextTestExecutionListener, org.springframework.security.test.context.support.ReactorContextTestExecutionListener, org.springframework.test.context.web.ServletTestExecutionListener, org.springframework.test.context.support.DirtiesContextBeforeModesTestExecutionListener, org.springframework.test.context.event.ApplicationEventsTestExecutionListener, org.springframework.test.context.support.DependencyInjectionTestExecutionListener, org.springframework.test.context.support.DirtiesContextTestExecutionListener, org.springframework.test.context.transaction.TransactionalTestExecutionListener, org.springframework.test.context.jdbc.SqlScriptsTestExecutionListener, org.springframework.test.context.event.EventPublishingTestExecutionListener, org.springframework.boot.test.mock.mockito.MockitoTestExecutionListener, org.springframework.boot.test.mock.mockito.ResetMocksTestExecutionListener, org.springframework.boot.test.autoconfigure.restdocs.RestDocsTestExecutionListener, org.springframework.boot.test.autoconfigure.web.client.MockRestServiceServerResetTestExecutionListener, org.springframework.boot.test.autoconfigure.web.servlet.MockMvcPrintOnlyOnFailureTestExecutionListener, org.springframework.boot.test.autoconfigure.web.servlet.WebDriverTestExecutionListener, org.springframework.boot.test.autoconfigure.webservices.client.MockWebServiceServerTestExecutionListener]
2023-01-29 12:46:08.141  INFO 23756 --- [main] .b.t.c.SpringBootTestContextBootstrapper : Using TestExecutionListeners: [org.springframework.test.context.web.ServletTestExecutionListener@6292c63e, org.springframework.test.context.support.DirtiesContextBeforeModesTestExecutionListener@65bb4cb9, org.springframework.test.context.event.ApplicationEventsTestExecutionListener@7b33deed, org.springframework.boot.test.mock.mockito.MockitoTestExecutionListener@7fd32c56, org.springframework.boot.test.autoconfigure.SpringBootDependencyInjectionTestExecutionListener@b04a6a4, org.springframework.test.context.support.DirtiesContextTestExecutionListener@3465edf9, org.springframework.test.context.transaction.TransactionalTestExecutionListener@51c4992e, org.springframework.test.context.jdbc.SqlScriptsTestExecutionListener@3713bedc, org.springframework.security.test.context.support.WithSecurityContextTestExecutionListener@198c0f1c, org.springframework.test.context.event.EventPublishingTestExecutionListener@29d33f1, org.springframework.security.test.context.support.ReactorContextTestExecutionListener@77e5c765, org.springframework.boot.test.mock.mockito.ResetMocksTestExecutionListener@5daa621b, org.springframework.boot.test.autoconfigure.restdocs.RestDocsTestExecutionListener@24a7725d, org.springframework.boot.test.autoconfigure.web.client.MockRestServiceServerResetTestExecutionListener@4fcedf83, org.springframework.boot.test.autoconfigure.web.servlet.MockMvcPrintOnlyOnFailureTestExecutionListener@16c9f7f0, org.springframework.boot.test.autoconfigure.web.servlet.WebDriverTestExecutionListener@187df588, org.springframework.boot.test.autoconfigure.webservices.client.MockWebServiceServerTestExecutionListener@7d75940]
2023-01-29 12:46:08.213  INFO 23756 --- [main] com.ldf.exam.ExamApplicationTests        : Starting ExamApplicationTests using Java 1.8.0_332 on LAPTOP-99ECVK8O with PID 23756 (started by ldiez in C:\Users\ldiez\OneDrive\Documentos\NetBeansProjects\exam_app_backend\Exam\ExamProject)
2023-01-29 12:46:08.214 DEBUG 23756 --- [main] com.ldf.exam.ExamApplicationTests        : Running with Spring Boot v2.7.1, Spring v5.3.21
2023-01-29 12:46:08.215  INFO 23756 --- [main] com.ldf.exam.ExamApplicationTests        : No active profile set, falling back to 1 default profile: "default"
2023-01-29 12:46:08.619  INFO 23756 --- [main] .s.d.r.c.RepositoryConfigurationDelegate : Bootstrapping Spring Data JPA repositories in DEFAULT mode.
2023-01-29 12:46:08.727  INFO 23756 --- [main] .s.d.r.c.RepositoryConfigurationDelegate : Finished Spring Data repository scanning in 91 ms. Found 13 JPA repository interfaces.
2023-01-29 12:46:09.087  INFO 23756 --- [main] o.hibernate.jpa.internal.util.LogHelper  : HHH000204: Processing PersistenceUnitInfo [name: default]
2023-01-29 12:46:09.099  INFO 23756 --- [main] com.zaxxer.hikari.HikariDataSource       : HikariPool-2 - Starting...
2023-01-29 12:46:09.159  INFO 23756 --- [main] com.zaxxer.hikari.HikariDataSource       : HikariPool-2 - Start completed.
2023-01-29 12:46:09.160  INFO 23756 --- [main] org.hibernate.dialect.Dialect            : HHH000400: Using dialect: org.hibernate.dialect.PostgreSQL10Dialect
2023-01-29 12:46:10.004  INFO 23756 --- [main] o.h.e.t.j.p.i.JtaPlatformInitiator       : HHH000490: Using JtaPlatform implementation: [org.hibernate.engine.transaction.jta.platform.internal.NoJtaPlatform]
2023-01-29 12:46:10.021  INFO 23756 --- [main] j.LocalContainerEntityManagerFactoryBean : Initialized JPA EntityManagerFactory for persistence unit 'default'
2023-01-29 12:46:10.678  INFO 23756 --- [main] o.s.s.web.DefaultSecurityFilterChain     : Will secure any request with [org.springframework.security.web.session.DisableEncodeUrlFilter@7ca8f5d7, org.springframework.security.web.context.request.async.WebAsyncManagerIntegrationFilter@2dc319cf, org.springframework.security.web.context.SecurityContextPersistenceFilter@7e5c8c80, org.springframework.security.web.header.HeaderWriterFilter@1ec09a68, org.springframework.web.filter.CorsFilter@1690929, org.springframework.security.web.authentication.logout.LogoutFilter@7674f9d4, com.ldf.exam.security.JWTFilter@744673f3, org.springframework.security.web.savedrequest.RequestCacheAwareFilter@46df794e, org.springframework.security.web.servletapi.SecurityContextHolderAwareRequestFilter@5cd6a827, org.springframework.security.web.authentication.AnonymousAuthenticationFilter@34d26a68, org.springframework.security.web.session.SessionManagementFilter@7da9b32c, org.springframework.security.web.access.ExceptionTranslationFilter@1735e1c4, org.springframework.security.web.access.intercept.AuthorizationFilter@22a2e581]
2023-01-29 12:46:10.849  WARN 23756 --- [main] JpaBaseConfiguration$JpaWebConfiguration : spring.jpa.open-in-view is enabled by default. Therefore, database queries may be performed during view rendering. Explicitly configure spring.jpa.open-in-view to disable this warning
2023-01-29 12:46:11.821  INFO 23756 --- [main] com.ldf.exam.ExamApplicationTests        : Started ExamApplicationTests in 3.672 seconds (JVM running for 16.463)
2023-01-29 12:46:12.008  INFO 23756 --- [SpringApplicationShutdownHook] j.LocalContainerEntityManagerFactoryBean : Closing JPA EntityManagerFactory for persistence unit 'default'
2023-01-29 12:46:12.013  INFO 23756 --- [SpringApplicationShutdownHook] com.zaxxer.hikari.HikariDataSource       : HikariPool-1 - Shutdown initiated...
2023-01-29 12:46:12.024  INFO 23756 --- [SpringApplicationShutdownHook] com.zaxxer.hikari.HikariDataSource       : HikariPool-1 - Shutdown completed.
2023-01-29 12:46:12.035  INFO 23756 --- [SpringApplicationShutdownHook] j.LocalContainerEntityManagerFactoryBean : Closing JPA EntityManagerFactory for persistence unit 'default'
2023-01-29 12:46:12.041  INFO 23756 --- [SpringApplicationShutdownHook] com.zaxxer.hikari.HikariDataSource       : HikariPool-2 - Shutdown initiated...
2023-01-29 12:46:12.053  INFO 23756 --- [SpringApplicationShutdownHook] com.zaxxer.hikari.HikariDataSource       : HikariPool-2 - Shutdown completed.
